<?xml version="1.0" encoding="UTF-8"?>
<!-- Generated by org.testng.reporters.JUnitXMLReporter -->
<testsuite ignored="0" hostname="5CG9378HNN" failures="0" tests="2" name="Default test" time="17.291" errors="0" timestamp="2023-07-05T23:08:59 IST">
  <testcase classname="com.obsqura.AssignmentTestNG.SampleTestNGannotations" name="testCase1" time="0.008"/>
  <testcase classname="com.obsqura.AssignmentTestNG.SampleTestNGannotations" name="testCase2" time="0.002"/>
</testsuite> <!-- Default test -->
