<?xml version="1.0" encoding="UTF-8"?>
<testng-results ignored="0" total="2" passed="2" failed="0" skipped="0">
  <reporter-output>
  </reporter-output>
  <suite started-at="2023-07-05T23:08:41 IST" name="Default suite" finished-at="2023-07-05T23:08:59 IST" duration-ms="17291">
    <groups>
    </groups>
    <test started-at="2023-07-05T23:08:41 IST" name="Default test" finished-at="2023-07-05T23:08:59 IST" duration-ms="17291">
      <class name="com.obsqura.AssignmentTestNG.SampleTestNGannotations">
        <test-method is-config="true" signature="beforeSuite()[pri:0, instance:com.obsqura.AssignmentTestNG.SampleTestNGannotations@7b36aa0c]" started-at="2023-07-05T23:08:39 IST" name="beforeSuite" finished-at="2023-07-05T23:08:41 IST" duration-ms="2663" status="PASS">
          <reporter-output>
          </reporter-output>
        </test-method> <!-- beforeSuite -->
        <test-method is-config="true" signature="beforeTest()[pri:0, instance:com.obsqura.AssignmentTestNG.SampleTestNGannotations@7b36aa0c]" started-at="2023-07-05T23:08:41 IST" name="beforeTest" finished-at="2023-07-05T23:08:45 IST" duration-ms="3119" status="PASS">
          <reporter-output>
          </reporter-output>
        </test-method> <!-- beforeTest -->
        <test-method is-config="true" signature="beforeclass()[pri:0, instance:com.obsqura.AssignmentTestNG.SampleTestNGannotations@7b36aa0c]" started-at="2023-07-05T23:08:45 IST" name="beforeclass" finished-at="2023-07-05T23:08:45 IST" duration-ms="414" status="PASS">
          <reporter-output>
          </reporter-output>
        </test-method> <!-- beforeclass -->
        <test-method is-config="true" signature="beforeMethod()[pri:0, instance:com.obsqura.AssignmentTestNG.SampleTestNGannotations@7b36aa0c]" started-at="2023-07-05T23:08:45 IST" name="beforeMethod" finished-at="2023-07-05T23:08:52 IST" duration-ms="6645" status="PASS">
          <reporter-output>
          </reporter-output>
        </test-method> <!-- beforeMethod -->
        <test-method signature="testCase1()[pri:0, instance:com.obsqura.AssignmentTestNG.SampleTestNGannotations@7b36aa0c]" started-at="2023-07-05T23:08:52 IST" name="testCase1" finished-at="2023-07-05T23:08:52 IST" duration-ms="8" status="PASS">
          <reporter-output>
          </reporter-output>
        </test-method> <!-- testCase1 -->
        <test-method is-config="true" signature="afterMethod()[pri:0, instance:com.obsqura.AssignmentTestNG.SampleTestNGannotations@7b36aa0c]" started-at="2023-07-05T23:08:52 IST" name="afterMethod" finished-at="2023-07-05T23:08:52 IST" duration-ms="42" status="PASS">
          <reporter-output>
          </reporter-output>
        </test-method> <!-- afterMethod -->
        <test-method is-config="true" signature="beforeMethod()[pri:0, instance:com.obsqura.AssignmentTestNG.SampleTestNGannotations@7b36aa0c]" started-at="2023-07-05T23:08:52 IST" name="beforeMethod" finished-at="2023-07-05T23:08:58 IST" duration-ms="6338" status="PASS">
          <reporter-output>
          </reporter-output>
        </test-method> <!-- beforeMethod -->
        <test-method signature="testCase2()[pri:0, instance:com.obsqura.AssignmentTestNG.SampleTestNGannotations@7b36aa0c]" started-at="2023-07-05T23:08:58 IST" name="testCase2" finished-at="2023-07-05T23:08:58 IST" duration-ms="2" status="PASS">
          <reporter-output>
          </reporter-output>
        </test-method> <!-- testCase2 -->
        <test-method is-config="true" signature="afterMethod()[pri:0, instance:com.obsqura.AssignmentTestNG.SampleTestNGannotations@7b36aa0c]" started-at="2023-07-05T23:08:58 IST" name="afterMethod" finished-at="2023-07-05T23:08:58 IST" duration-ms="60" status="PASS">
          <reporter-output>
          </reporter-output>
        </test-method> <!-- afterMethod -->
        <test-method is-config="true" signature="afterclass()[pri:0, instance:com.obsqura.AssignmentTestNG.SampleTestNGannotations@7b36aa0c]" started-at="2023-07-05T23:08:58 IST" name="afterclass" finished-at="2023-07-05T23:08:59 IST" duration-ms="610" status="PASS">
          <reporter-output>
          </reporter-output>
        </test-method> <!-- afterclass -->
        <test-method is-config="true" signature="aftertest()[pri:0, instance:com.obsqura.AssignmentTestNG.SampleTestNGannotations@7b36aa0c]" started-at="2023-07-05T23:08:59 IST" name="aftertest" finished-at="2023-07-05T23:08:59 IST" duration-ms="0" status="PASS">
          <reporter-output>
          </reporter-output>
        </test-method> <!-- aftertest -->
        <test-method is-config="true" signature="aftersuit()[pri:0, instance:com.obsqura.AssignmentTestNG.SampleTestNGannotations@7b36aa0c]" started-at="2023-07-05T23:08:59 IST" name="aftersuit" finished-at="2023-07-05T23:08:59 IST" duration-ms="0" status="PASS">
          <reporter-output>
          </reporter-output>
        </test-method> <!-- aftersuit -->
      </class> <!-- com.obsqura.AssignmentTestNG.SampleTestNGannotations -->
    </test> <!-- Default test -->
  </suite> <!-- Default suite -->
</testng-results>
